<?xml version="1.0" encoding="UTF-8"?>
<!-- Generated by org.testng.reporters.JUnitReportReporter -->
<testsuite hostname="LP-Dipali" failures="0" tests="1" name="com.bookingzone.admin.createbussiness_outlets.tests.TC004AddVenueDetails" time="61.166" errors="0" timestamp="2024-09-18T11:33:20 GMT-04:00" skipped="0">
  <testcase classname="com.bookingzone.admin.createbussiness_outlets.tests.TC004AddVenueDetails" name="testAddVenueDetails" time="61.166"/>
</testsuite> <!-- com.bookingzone.admin.createbussiness_outlets.tests.TC004AddVenueDetails -->
