<<<<<<< HEAD
<?xml version="1.0" encoding="UTF-8"?>
<!-- Generated by org.testng.reporters.JUnitReportReporter -->
<testsuite hostname="DESKTOP-OEVFJIS" failures="0" tests="1" name="All_TestClasses.Jenkins_class" time="30.931" errors="0" timestamp="2023-06-25T10:52:35 GMT-04:00" skipped="0">
  <testcase classname="All_TestClasses.Jenkins_class" name="JenkinsMethos" time="30.931"/>
  <system-out/>
</testsuite> <!-- All_TestClasses.Jenkins_class -->
=======
<?xml version="1.0" encoding="UTF-8"?>
<!-- Generated by org.testng.reporters.JUnitReportReporter -->
<testsuite hostname="DESKTOP-OEVFJIS" failures="0" tests="1" name="All_TestClasses.Jenkins_class" time="30.931" errors="0" timestamp="2023-06-25T10:52:35 GMT-04:00" skipped="0">
  <testcase classname="All_TestClasses.Jenkins_class" name="JenkinsMethos" time="30.931"/>
  <system-out/>
</testsuite> <!-- All_TestClasses.Jenkins_class -->
>>>>>>> origin/master
