<?xml version="1.0" encoding="UTF-8"?>
<!-- Generated by org.testng.reporters.JUnitReportReporter -->
<testsuite hostname="LP-Dipali" failures="0" tests="1" name="All_TestClasses.TC011_EditItem_with_Savecard_Info" time="207.759" errors="0" timestamp="2024-03-27T07:26:11 GMT-04:00" skipped="0">
  <testcase classname="All_TestClasses.TC011_EditItem_with_Savecard_Info" name="Edit_Item_MakePay_via_SaveCard" time="207.759"/>
</testsuite> <!-- All_TestClasses.TC011_EditItem_with_Savecard_Info -->
