<?xml version="1.0" encoding="UTF-8"?>
<!-- Generated by org.testng.reporters.JUnitReportReporter -->
<testsuite hostname="INNODEED" failures="0" tests="1" name="All_TestClasses.TC0010_EditAddon_with_Savecard_Info" time="225.730" errors="0" timestamp="2023-10-14T12:20:44 GMT-04:00" skipped="0">
  <testcase classname="All_TestClasses.TC0010_EditAddon_with_Savecard_Info" name="EditAddon_MakePay_via_SaveCard" time="225.730"/>
</testsuite> <!-- All_TestClasses.TC0010_EditAddon_with_Savecard_Info -->
