<?xml version="1.0" encoding="UTF-8"?>
<!-- Generated by org.testng.reporters.JUnitReportReporter -->
<testsuite hostname="LP-Dipali" failures="0" tests="1" name="All_TestClasses.TC016_Block_MultipleSlots_1_By_1" time="181.731" errors="0" timestamp="2024-02-22T00:38:31 GMT-05:00" skipped="0">
  <testcase classname="All_TestClasses.TC016_Block_MultipleSlots_1_By_1" name="Block_MultipleSlots" time="181.731"/>
</testsuite> <!-- All_TestClasses.TC016_Block_MultipleSlots_1_By_1 -->
