<<<<<<< HEAD
<?xml version="1.0" encoding="UTF-8"?>
<!-- Generated by org.testng.reporters.JUnitReportReporter -->
<testsuite hostname="DESKTOP-OEVFJIS" failures="0" tests="1" name="All_TestClasses.TestBlock_MultipleSlots" time="272.729" errors="0" timestamp="2023-05-25T03:10:45 GMT-04:00" skipped="0">
  <testcase classname="All_TestClasses.TestBlock_MultipleSlots" name="Block_MultipleSlots" time="272.729"/>
  <system-out/>
</testsuite> <!-- All_TestClasses.TestBlock_MultipleSlots -->
=======
<?xml version="1.0" encoding="UTF-8"?>
<!-- Generated by org.testng.reporters.JUnitReportReporter -->
<testsuite hostname="DESKTOP-OEVFJIS" failures="0" tests="1" name="All_TestClasses.TestBlock_MultipleSlots" time="272.729" errors="0" timestamp="2023-05-25T03:10:45 GMT-04:00" skipped="0">
  <testcase classname="All_TestClasses.TestBlock_MultipleSlots" name="Block_MultipleSlots" time="272.729"/>
  <system-out/>
</testsuite> <!-- All_TestClasses.TestBlock_MultipleSlots -->
>>>>>>> origin/master
