<?xml version="1.0" encoding="UTF-8"?>
<!-- Generated by org.testng.reporters.JUnitReportReporter -->
<testsuite hostname="LP-Dipali" failures="0" tests="1" name="com.bookingzone.admin.createplans.tests.TC003_CreateEnableSessionPlan" time="88.144" errors="0" timestamp="2024-09-18T12:04:50 GMT-04:00" skipped="0">
  <testcase classname="com.bookingzone.admin.createplans.tests.TC003_CreateEnableSessionPlan" name="testCreateEnableSessionPlan" time="88.144"/>
</testsuite> <!-- com.bookingzone.admin.createplans.tests.TC003_CreateEnableSessionPlan -->
