<?xml version="1.0" encoding="UTF-8"?>
<!-- Generated by org.testng.reporters.JUnitReportReporter -->
<<<<<<< HEAD
<testsuite hostname="INNODEED" failures="0" tests="1" name="All_TestClasses.TestAdmin_EditDate" time="231.304" errors="0" timestamp="2023-09-24T12:46:26 GMT-04:00" skipped="0">
  <testcase classname="All_TestClasses.TestAdmin_EditDate" name="Admin_EditDate" time="231.304"/>
=======
<testsuite hostname="INNODEED" failures="0" tests="1" name="All_TestClasses.TestAdmin_EditDate" time="264.805" errors="0" timestamp="2023-08-03T01:47:31 GMT-04:00" skipped="0">
  <testcase classname="All_TestClasses.TestAdmin_EditDate" name="Admin_EditDate" time="264.805"/>
>>>>>>> origin/master
</testsuite> <!-- All_TestClasses.TestAdmin_EditDate -->
