<?xml version="1.0" encoding="UTF-8"?>
<!-- Generated by org.testng.reporters.JUnitReportReporter -->
<testsuite hostname="DESKTOP-OEVFJIS" failures="0" tests="1" name="All_TestClasses.TestAdmin_EditBooking_FromTraffic" time="28.980" errors="0" timestamp="2023-04-28T03:43:20 GMT-04:00" skipped="0">
  <testcase classname="All_TestClasses.TestAdmin_EditBooking_FromTraffic" name="Update_Bookings_From_Traffic" time="28.980"/>
  <system-out/>
</testsuite> <!-- All_TestClasses.TestAdmin_EditBooking_FromTraffic -->
