<?xml version="1.0" encoding="UTF-8"?>
<!-- Generated by org.testng.reporters.JUnitReportReporter -->
<testsuite hostname="LP-Dipali" failures="0" tests="1" name="com.bookingzone.admin.tests.TC009_CreatePerHourPlan" time="221.504" errors="0" timestamp="2024-07-08T08:03:28 GMT-04:00" skipped="0">
  <testcase classname="com.bookingzone.admin.tests.TC009_CreatePerHourPlan" name="testCreatePerHourPlan" time="221.504"/>
</testsuite> <!-- com.bookingzone.admin.tests.TC009_CreatePerHourPlan -->
