<?xml version="1.0" encoding="UTF-8"?>
<!-- Generated by org.testng.reporters.JUnitReportReporter -->
<testsuite hostname="LP-Dipali" failures="0" tests="1" name="All_TestClasses.TC005_Booking_paymentCard" time="123.688" errors="0" timestamp="2024-03-27T07:26:11 GMT-04:00" skipped="0">
  <testcase classname="All_TestClasses.TC005_Booking_paymentCard" name="Create_Booking_pay_ViaCard" time="123.688"/>
</testsuite> <!-- All_TestClasses.TC005_Booking_paymentCard -->
