<?xml version="1.0" encoding="UTF-8"?>
<!-- Generated by org.testng.reporters.JUnitReportReporter -->
<testsuite hostname="LP-Dipali" failures="0" tests="1" name="com.bookingzone.admin.addADDONS.tests.TC004AddAddonsWithPerAndFlatTax" time="17.110" errors="0" timestamp="2024-09-19T00:48:32 GMT-04:00" skipped="0">
  <testcase classname="com.bookingzone.admin.addADDONS.tests.TC004AddAddonsWithPerAndFlatTax" name="testAddAddonsWithPerAndFlatTax" time="17.110"/>
</testsuite> <!-- com.bookingzone.admin.addADDONS.tests.TC004AddAddonsWithPerAndFlatTax -->
