<?xml version="1.0" encoding="UTF-8"?>
<!-- Generated by org.testng.reporters.JUnitReportReporter -->
<testsuite hostname="LP-Dipali" failures="0" tests="1" name="All_TestClasses.TC006_Booking_paymentViaCash" time="104.780" errors="0" timestamp="2024-03-27T07:26:11 GMT-04:00" skipped="0">
  <testcase classname="All_TestClasses.TC006_Booking_paymentViaCash" name="Create_Booking_CellClick_Payvia_Cash" time="104.780"/>
</testsuite> <!-- All_TestClasses.TC006_Booking_paymentViaCash -->
