<?xml version="1.0" encoding="UTF-8"?>
<!-- Generated by org.testng.reporters.JUnitReportReporter -->
<testsuite hostname="DESKTOP-UV1O9DM" failures="0" tests="1" name="Admin_Business.A_Base_Class" time="45.942" errors="0" timestamp="2023-01-16T04:28:03 GMT-05:00" skipped="0">
  <testcase classname="Admin_Business.A_Base_Class" name="Initialise_Brouser" time="45.942"/>
  <system-out/>
</testsuite> <!-- Admin_Business.A_Base_Class -->
