<?xml version="1.0" encoding="UTF-8"?>
<!-- Generated by org.testng.reporters.JUnitReportReporter -->
<testsuite hostname="LP-Dipali" failures="0" tests="1" name="com.bookingzone.admin.FullPayment.TC001FullCardPayment" time="94.140" errors="0" timestamp="2024-09-22T11:19:24 GMT-05:00" skipped="0">
  <testcase classname="com.bookingzone.admin.FullPayment.TC001FullCardPayment" name="testCreateBookingWithCardPayment" time="94.140"/>
</testsuite> <!-- com.bookingzone.admin.FullPayment.TC001FullCardPayment -->
