<?xml version="1.0" encoding="UTF-8"?>
<!-- Generated by org.testng.reporters.JUnitReportReporter -->
<testsuite hostname="LP-Dipali" failures="0" tests="1" name="com.bookingzone.admin.createbussiness_outlets.tests.TC001CreateBussiness" time="94.252" errors="0" timestamp="2024-09-18T05:11:00 GMT-04:00" skipped="0">
  <testcase classname="com.bookingzone.admin.createbussiness_outlets.tests.TC001CreateBussiness" name="testBusinessCreation" time="94.252"/>
</testsuite> <!-- com.bookingzone.admin.createbussiness_outlets.tests.TC001CreateBussiness -->
