<?xml version="1.0" encoding="UTF-8"?>
<!-- Generated by org.testng.reporters.JUnitReportReporter -->
<testsuite hostname="DESKTOP-OEVFJIS" failures="0" tests="1" name="All_TestClasses.TestAdmin_EditTime" time="234.420" errors="0" timestamp="2023-03-21T23:02:14 GMT-04:00" skipped="0">
  <testcase classname="All_TestClasses.TestAdmin_EditTime" name="Admin_EditTime" time="234.420"/>
  <system-out/>
</testsuite> <!-- All_TestClasses.TestAdmin_EditTime -->
