<?xml version="1.0" encoding="UTF-8"?>
<!-- Generated by org.testng.reporters.JUnitReportReporter -->
<testsuite hostname="LP-Dipali" failures="0" tests="1" name="All_TestClasses.TC010_EditAddon_with_Savecard_Info" time="197.834" errors="0" timestamp="2024-03-27T07:26:11 GMT-04:00" skipped="0">
  <testcase classname="All_TestClasses.TC010_EditAddon_with_Savecard_Info" name="EditAddon_MakePay_via_SaveCard" time="197.834"/>
</testsuite> <!-- All_TestClasses.TC010_EditAddon_with_Savecard_Info -->
