<?xml version="1.0" encoding="UTF-8"?>
<!-- Generated by org.testng.reporters.JUnitReportReporter -->
<testsuite hostname="LP-Dipali" failures="0" tests="1" name="com.bookingzone.admin.tests.TC008_CreatePerEventPlan" time="158.532" errors="0" timestamp="2024-07-08T06:54:49 GMT-04:00" skipped="0">
  <testcase classname="com.bookingzone.admin.tests.TC008_CreatePerEventPlan" name="testCreatePerEventPlan" time="158.532"/>
</testsuite> <!-- com.bookingzone.admin.tests.TC008_CreatePerEventPlan -->
