<?xml version="1.0" encoding="UTF-8"?>
<!-- Generated by org.testng.reporters.JUnitReportReporter -->
<testsuite hostname="LP-Dipali" failures="0" tests="1" name="com.bookingzone.admin.createbussiness_outlets.tests.TC004AddServiceCategory" time="29.164" errors="0" timestamp="2024-09-17T13:47:17 GMT-04:00" skipped="0">
  <testcase classname="com.bookingzone.admin.createbussiness_outlets.tests.TC004AddServiceCategory" name="testAddServiceCategory" time="29.164"/>
</testsuite> <!-- com.bookingzone.admin.createbussiness_outlets.tests.TC004AddServiceCategory -->
