<?xml version="1.0" encoding="UTF-8"?>
<!-- Generated by org.testng.reporters.JUnitReportReporter -->
<testsuite hostname="INNODEED" failures="0" tests="1" name="All_TestClasses.TC003_Add_ServiceCategory" time="53.441" errors="0" timestamp="2024-01-02T01:28:54 GMT-05:00" skipped="0">
  <testcase classname="All_TestClasses.TC003_Add_ServiceCategory" name="ADD_Service" time="53.441"/>
</testsuite> <!-- All_TestClasses.TC003_Add_ServiceCategory -->
