<?xml version="1.0" encoding="UTF-8"?>
<!-- Generated by org.testng.reporters.JUnitReportReporter -->
<testsuite hostname="LP-Dipali" failures="0" tests="1" name="com.bookingzone.admin.tests.TC010_CreatePerHourSlotPlan" time="235.144" errors="0" timestamp="2024-07-10T05:20:14 GMT-04:00" skipped="0">
  <testcase classname="com.bookingzone.admin.tests.TC010_CreatePerHourSlotPlan" name="testCreatePerHourSlotPlan" time="235.144"/>
</testsuite> <!-- com.bookingzone.admin.tests.TC010_CreatePerHourSlotPlan -->
