<?xml version="1.0" encoding="UTF-8"?>
<!-- Generated by org.testng.reporters.JUnitReportReporter -->
<testsuite hostname="LP-Dipali" failures="0" tests="1" name="All_TestClasses.TC005_CreatePackageSessionPlan" time="181.154" errors="0" timestamp="2024-03-27T01:09:50 GMT-04:00" skipped="0">
  <testcase classname="All_TestClasses.TC005_CreatePackageSessionPlan" name="Create_PackageSessionPlan" time="181.154"/>
</testsuite> <!-- All_TestClasses.TC005_CreatePackageSessionPlan -->
