<?xml version="1.0" encoding="UTF-8"?>
<!-- Generated by org.testng.reporters.JUnitReportReporter -->
<testsuite hostname="LP-Dipali" failures="0" tests="1" name="com.bookingzone.admin.tests.TC007_CreateEnableSessionPlan" time="193.475" errors="0" timestamp="2024-06-09T02:06:47 GMT-04:00" skipped="0">
  <testcase classname="com.bookingzone.admin.tests.TC007_CreateEnableSessionPlan" name="testCreateEnableSessionPlan" time="193.475"/>
</testsuite> <!-- com.bookingzone.admin.tests.TC007_CreateEnableSessionPlan -->
