<?xml version="1.0" encoding="UTF-8"?>
<!-- Generated by org.testng.reporters.JUnitReportReporter -->
<testsuite hostname="INNODEED" failures="0" tests="1" name="All_TestClasses.TC002_CreateOutlet" time="63.126" errors="0" timestamp="2024-01-02T01:28:54 GMT-05:00" skipped="0">
  <testcase classname="All_TestClasses.TC002_CreateOutlet" name="Outlet_Creation" time="63.126"/>
</testsuite> <!-- All_TestClasses.TC002_CreateOutlet -->
