<?xml version="1.0" encoding="UTF-8"?>
<!-- Generated by org.testng.reporters.JUnitReportReporter -->
<testsuite hostname="LP-Dipali" failures="0" tests="1" name="com.bookingzone.admin.createbussiness_outlets.tests.TC005AddPaymentDetails" time="44.342" errors="0" timestamp="2024-08-07T01:10:15 GMT-04:00" skipped="0">
  <testcase classname="com.bookingzone.admin.createbussiness_outlets.tests.TC005AddPaymentDetails" name="testAddPaymentDetails" time="44.342"/>
</testsuite> <!-- com.bookingzone.admin.createbussiness_outlets.tests.TC005AddPaymentDetails -->
