<?xml version="1.0" encoding="UTF-8"?>
<!-- Generated by org.testng.reporters.JUnitReportReporter -->
<testsuite hostname="INNODEED" failures="0" tests="1" name="All_TestClasses.TC001_CreateBussiness" time="102.903" errors="0" timestamp="2024-01-02T01:28:54 GMT-05:00" skipped="0">
  <testcase classname="All_TestClasses.TC001_CreateBussiness" name="Business_Creation" time="102.903"/>
</testsuite> <!-- All_TestClasses.TC001_CreateBussiness -->
