<?xml version="1.0" encoding="UTF-8"?>
<!-- Generated by org.testng.reporters.JUnitReportReporter -->
<testsuite hostname="LP-Dipali" failures="0" tests="1" name="com.bookingzone.admin.tests.TC005_CreatePackageSessionPlan" time="230.361" errors="0" timestamp="2024-06-08T09:45:23 GMT-04:00" skipped="0">
  <testcase classname="com.bookingzone.admin.tests.TC005_CreatePackageSessionPlan" name="testCreatePackageSessionPlan" time="230.361"/>
</testsuite> <!-- com.bookingzone.admin.tests.TC005_CreatePackageSessionPlan -->
