<?xml version="1.0" encoding="UTF-8"?>
<!-- Generated by org.testng.reporters.JUnitReportReporter -->
<testsuite hostname="LP-Dipali" failures="0" tests="1" name="com.bookingzone.admin.createplans.tests.TC005_CreatePerHourPlan" time="105.452" errors="0" timestamp="2024-09-18T12:04:50 GMT-04:00" skipped="0">
  <testcase classname="com.bookingzone.admin.createplans.tests.TC005_CreatePerHourPlan" name="testCreatePerHourPlan" time="105.452"/>
</testsuite> <!-- com.bookingzone.admin.createplans.tests.TC005_CreatePerHourPlan -->
