<?xml version="1.0" encoding="UTF-8"?>
<!-- Generated by org.testng.reporters.JUnitReportReporter -->
<testsuite hostname="LP-Dipali" failures="0" tests="3" name="All_TestClasses.TestBlock_SingleSlot" time="32.323" errors="1" timestamp="2024-03-19T09:49:18 GMT-04:00" skipped="2">
  <testcase classname="All_TestClasses.TestBlock_SingleSlot" name="CreateBooking_InBlockSlot" time="0.001">
    <skipped/>
  </testcase> <!-- CreateBooking_InBlockSlot -->
  <testcase classname="All_TestClasses.TestBlock_SingleSlot" name="Open_Brouser" time="32.322">
    <error message="Cannot invoke &quot;String.replaceAll(String, String)&quot; because &quot;x&quot; is null" type="java.lang.NullPointerException">
      <![CDATA[java.lang.NullPointerException: Cannot invoke "String.replaceAll(String, String)" because "x" is null
at com.aventstack.extentreports.ExtentTest.lambda$assignAuthor$1(ExtentTest.java:1041)
at java.base/java.util.Spliterators$ArraySpliterator.forEachRemaining(Spliterators.java:992)
at java.base/java.util.stream.ReferencePipeline$Head.forEach(ReferencePipeline.java:762)
at com.aventstack.extentreports.ExtentTest.assignAuthor(ExtentTest.java:1040)
at Admin_Business.A_Base_Class.Initialise_Browser(A_Base_Class.java:73)
at All_TestClasses.TestBlock_SingleSlot.Open_Brouser(TestBlock_SingleSlot.java:65)
at java.base/jdk.internal.reflect.NativeMethodAccessorImpl.invoke0(Native Method)
at java.base/jdk.internal.reflect.NativeMethodAccessorImpl.invoke(NativeMethodAccessorImpl.java:77)
at java.base/jdk.internal.reflect.DelegatingMethodAccessorImpl.invoke(DelegatingMethodAccessorImpl.java:43)
at java.base/java.lang.reflect.Method.invoke(Method.java:568)
at org.testng.internal.invokers.MethodInvocationHelper.invokeMethod(MethodInvocationHelper.java:139)
at org.testng.internal.invokers.MethodInvocationHelper.invokeMethodConsideringTimeout(MethodInvocationHelper.java:69)
at org.testng.internal.invokers.ConfigInvoker.invokeConfigurationMethod(ConfigInvoker.java:390)
at org.testng.internal.invokers.ConfigInvoker.invokeConfigurations(ConfigInvoker.java:325)
at org.testng.internal.invokers.TestMethodWorker.invokeBeforeClassMethods(TestMethodWorker.java:180)
at org.testng.internal.invokers.TestMethodWorker.run(TestMethodWorker.java:122)
at java.base/java.util.ArrayList.forEach(ArrayList.java:1511)
at org.testng.TestRunner.privateRun(TestRunner.java:848)
at org.testng.TestRunner.run(TestRunner.java:621)
at org.testng.SuiteRunner.runTest(SuiteRunner.java:443)
at org.testng.SuiteRunner.runSequentially(SuiteRunner.java:437)
at org.testng.SuiteRunner.privateRun(SuiteRunner.java:397)
at org.testng.SuiteRunner.run(SuiteRunner.java:336)
at org.testng.SuiteRunnerWorker.runSuite(SuiteRunnerWorker.java:52)
at org.testng.SuiteRunnerWorker.run(SuiteRunnerWorker.java:95)
at org.testng.TestNG.runSuitesSequentially(TestNG.java:1280)
at org.testng.TestNG.runSuitesLocally(TestNG.java:1200)
at org.testng.TestNG.runSuites(TestNG.java:1114)
at org.testng.TestNG.run(TestNG.java:1082)
at org.testng.remote.AbstractRemoteTestNG.run(AbstractRemoteTestNG.java:115)
at org.testng.remote.RemoteTestNG.initAndRun(RemoteTestNG.java:251)
at org.testng.remote.RemoteTestNG.main(RemoteTestNG.java:77)
]]>
    </error>
  </testcase> <!-- Open_Brouser -->
  <testcase classname="All_TestClasses.TestBlock_SingleSlot" name="Block_SingleSlot" time="0.000">
    <skipped/>
  </testcase> <!-- Block_SingleSlot -->
</testsuite> <!-- All_TestClasses.TestBlock_SingleSlot -->
