<?xml version="1.0" encoding="UTF-8"?>
<!-- Generated by org.testng.reporters.JUnitReportReporter -->
<testsuite hostname="LP-Dipali" failures="0" tests="1" name="com.bookingzone.admin.tests.TC006_CreatePackageTimePlan" time="220.010" errors="0" timestamp="2024-06-08T09:52:38 GMT-04:00" skipped="0">
  <testcase classname="com.bookingzone.admin.tests.TC006_CreatePackageTimePlan" name="testCreatePackageTimePlan" time="220.010"/>
</testsuite> <!-- com.bookingzone.admin.tests.TC006_CreatePackageTimePlan -->
