<?xml version="1.0" encoding="UTF-8"?>
<!-- Generated by org.testng.reporters.JUnitReportReporter -->
<testsuite hostname="LP-Dipali" failures="0" tests="1" name="All_TestClasses.TC006_CreatePackageTimePlan" time="165.027" errors="0" timestamp="2024-03-29T08:08:00 GMT-04:00" skipped="0">
  <testcase classname="All_TestClasses.TC006_CreatePackageTimePlan" name="Create_PackageTestPlan" time="165.027"/>
</testsuite> <!-- All_TestClasses.TC006_CreatePackageTimePlan -->
