<?xml version="1.0" encoding="UTF-8"?>
<!-- Generated by org.testng.reporters.JUnitReportReporter -->
<testsuite hostname="LP-Dipali" failures="0" tests="1" name="com.bookingzone.admin.tests.TC001CreateBussiness" time="8.161" errors="0" timestamp="2024-04-13T13:01:59 GMT-04:00" skipped="0">
  <testcase classname="com.bookingzone.admin.tests.TC001CreateBussiness" name="testBusinessCreation" time="8.161"/>
</testsuite> <!-- com.bookingzone.admin.tests.TC001CreateBussiness -->
