<?xml version="1.0" encoding="UTF-8"?>
<!-- Generated by org.testng.reporters.JUnitReportReporter -->
<testsuite hostname="LP-Dipali" failures="0" tests="1" name="com.bookingzone.admin.tests.TC011_CreatePerPersonPlan" time="233.436" errors="0" timestamp="2024-07-13T07:32:12 GMT-04:00" skipped="0">
  <testcase classname="com.bookingzone.admin.tests.TC011_CreatePerPersonPlan" name="testCreatePerPersonPlan" time="233.436"/>
</testsuite> <!-- com.bookingzone.admin.tests.TC011_CreatePerPersonPlan -->
