<<<<<<< HEAD
<?xml version="1.0" encoding="UTF-8"?>
<!-- Generated by org.testng.reporters.JUnitReportReporter -->
<testsuite hostname="INNODEED" failures="0" tests="1" name="All_TestClasses.TestCreate_Booking_paymentCard" time="146.856" errors="0" timestamp="22 Jul 2023 08:23:33 GMT" skipped="0">
  <testcase classname="All_TestClasses.TestCreate_Booking_paymentCard" name="Create_Booking_pay_ViaCard" time="146.856"/>
</testsuite> <!-- All_TestClasses.TestCreate_Booking_paymentCard -->
=======
<?xml version="1.0" encoding="UTF-8"?>
<!-- Generated by org.testng.reporters.JUnitReportReporter -->
<testsuite hostname="INNODEED" failures="0" tests="1" name="All_TestClasses.TestCreate_Booking_paymentCard" time="146.856" errors="0" timestamp="22 Jul 2023 08:23:33 GMT" skipped="0">
  <testcase classname="All_TestClasses.TestCreate_Booking_paymentCard" name="Create_Booking_pay_ViaCard" time="146.856"/>
</testsuite> <!-- All_TestClasses.TestCreate_Booking_paymentCard -->
>>>>>>> origin/master
